<?xml version="1.0" encoding="UTF-8"?>
<!-- Generated by org.testng.reporters.JUnitReportReporter -->
<testsuite hostname="DESKTOP-GALIT1B" failures="0" tests="1" name="orangehrmproject.Demoorangehrm" time="1.651" errors="0" timestamp="2024-05-01T19:06:25 IST" skipped="0">
  <testcase classname="orangehrmproject.Demoorangehrm" name="loginpage" time="1.651"/>
  <system-out/>
</testsuite> <!-- orangehrmproject.Demoorangehrm -->
